<?xml version="1.0" encoding="UTF-8" ?>
<testsuite tests="4" failures="0" name="ca.concordia.PacketTest" time="0.271" errors="0" skipped="0">
  <properties>
[...]
</properties>
  <testcase classname="ca.concordia.PacketTest" name="[0] #45 peer=/127.0.0.1:2100, size=11, [1, 0, 0, 0, 45, 127, 0, 0, 1, 8, 52, 72, 101, 108, 108, 111, 32, 87, 111, 114, 108, 100] (testWritePacket)" time="0.269"/>
  <testcase classname="ca.concordia.PacketTest" name="[1] #2992122123 peer=/192.168.2.125:53201, size=0, [29, 178, 88, 41, 11, 192, 168, 2, 125, 207, 209] (testWritePacket)" time="0.001"/>
  <testcase classname="ca.concordia.PacketTest" name="[0] #45 peer=/127.0.0.1:2100, size=11, [1, 0, 0, 0, 45, 127, 0, 0, 1, 8, 52, 72, 101, 108, 108, 111, 32, 87, 111, 114, 108, 100] (testParseValidPackets)" time="0"/>
  <testcase classname="ca.concordia.PacketTest" name="[1] #2992122123 peer=/192.168.2.125:53201, size=0, [29, 178, 88, 41, 11, 192, 168, 2, 125, 207, 209] (testParseValidPackets)" time="0.001"/>
</testsuite>